<?xml version="1.0" encoding="UTF-8"?>
<!-- Generated by org.testng.reporters.JUnitReportReporter -->
<testsuite hostname="cgvak-lt178" failures="0" tests="1" name="com.org.tester.webtest.App" time="0.686" errors="0" timestamp="26 Dec 2022 05:17:15 GMT" skipped="0">
  <testcase classname="com.org.tester.webtest.App" name="fillthepage" time="0.686"/>
</testsuite> <!-- com.org.tester.webtest.App -->
